<?xml version="1.0" encoding="UTF-8"?>
<!-- Generated by org.testng.reporters.JUnitXMLReporter -->
<testsuite ignored="0" hostname="EC2AMAZ-8KL45D2" failures="0" tests="7" name="test-1" time="6.343" errors="0" timestamp="2024-10-07T06:55:29 UTC">
  <testcase classname="com.spree.test.countries" name="T01_getDefaultCountries" time="2.531"/>
  <testcase classname="com.spree.test.countries" name="T02_retrieveaCountry" time="0.24"/>
  <testcase classname="com.spree.test.countries" name="T02_retrieveaCountry" time="0.216"/>
  <testcase classname="com.spree.test.countries" name="T02_retrieveaCountry" time="0.204"/>
  <testcase classname="com.spree.test.countries" name="T02_retrieveaCountry" time="0.171"/>
  <testcase classname="com.spree.test.countries" name="T02_retrieveaCountry" time="0.359"/>
  <testcase classname="com.spree.test.countries" name="T03_listallCountries" time="1.477"/>
</testsuite> <!-- test-1 -->
