<?xml version="1.0" encoding="UTF-8"?>
<!-- Generated by org.testng.reporters.JUnitReportReporter -->
<testsuite hostname="EC2AMAZ-8KL45D2" failures="0" tests="7" name="com.spree.test.countries" time="5.226" errors="0" timestamp="2024-10-07T06:55:29 UTC" skipped="0">
  <testcase classname="com.spree.test.countries" name="T01_getDefaultCountries" time="2.531"/>
  <system-out/>
  <testcase classname="com.spree.test.countries" name="T02_retrieveaCountry" time="0.205"/>
  <system-out/>
  <testcase classname="com.spree.test.countries" name="T02_retrieveaCountry" time="0.360"/>
  <system-out/>
  <testcase classname="com.spree.test.countries" name="T02_retrieveaCountry" time="0.195"/>
  <system-out/>
  <testcase classname="com.spree.test.countries" name="T02_retrieveaCountry" time="0.241"/>
  <system-out/>
  <testcase classname="com.spree.test.countries" name="T02_retrieveaCountry" time="0.216"/>
  <system-out/>
  <testcase classname="com.spree.test.countries" name="T03_listallCountries" time="1.478"/>
  <system-out/>
</testsuite> <!-- com.spree.test.countries -->
